<?xml version="1.0" encoding="UTF-8"?>
<!-- Generated by org.testng.reporters.JUnitReportReporter -->
<testsuite hostname="HW0524" failures="0" tests="4" name="com.crm.qa.TestCases.HomePageTest" time="17.224" errors="0" timestamp="2022-05-10T18:36:14 IST" skipped="3">
  <testcase classname="com.crm.qa.TestCases.HomePageTest" name="verifyHomePageTitleTest" time="17.224"/>
  <system-out/>
  <testcase classname="com.crm.qa.TestCases.HomePageTest" name="verifyDealsPageLinkTest">
    <skipped/>
  </testcase> <!-- verifyDealsPageLinkTest -->
  <system-out/>
  <testcase classname="com.crm.qa.TestCases.HomePageTest" name="verifyUserNameTest">
    <skipped/>
  </testcase> <!-- verifyUserNameTest -->
  <system-out/>
  <testcase classname="com.crm.qa.TestCases.HomePageTest" name="verifyContactsLinkTest">
    <skipped/>
  </testcase> <!-- verifyContactsLinkTest -->
  <system-out/>
</testsuite> <!-- com.crm.qa.TestCases.HomePageTest -->
